<?xml version="1.0" encoding="UTF-8"?>
<!-- Generated by org.testng.reporters.JUnitReportReporter -->
<testsuite skipped="0" hostname="BDC4-L-DQMCVP2" name="com.dixter.test.smoke.Test_Sample" tests="1" failures="0" timestamp="08 Apr 2019 09:43:32 GMT" time="15.103" errors="0">
  <testcase name="test_sample" time="15.103" classname="com.dixter.test.smoke.Test_Sample"/>
</testsuite> <!-- com.dixter.test.smoke.Test_Sample -->
